app/build/intermediates/manifest_merge_blame_file/debug/processDebugMainManifest/manifest-merger-blame-debug-report.txt
1<?xml version="1.0" encoding="utf-8"?>
2<manifest xmlns:android="http://schemas.android.com/apk/res/android"
3    package="com.enjoy.app"
4    android:versionCode="1"
5    android:versionName="1.0" >
6
7    <uses-sdk
8        android:minSdkVersion="26"
9        android:targetSdkVersion="35" />
10
11    <uses-permission android:name="android.permission.ACCESS_FINE_LOCATION" />
11-->src/main/AndroidManifest.xml:4:5-79
11-->src/main/AndroidManifest.xml:4:22-76
12    <uses-permission android:name="android.permission.ACCESS_COARSE_LOCATION" />
12-->src/main/AndroidManifest.xml:5:5-81
12-->src/main/AndroidManifest.xml:5:22-78
13    <uses-permission android:name="android.permission.INTERNET" />
13-->src/main/AndroidManifest.xml:6:5-67
13-->src/main/AndroidManifest.xml:6:22-64
14    <uses-permission
14-->src/main/AndroidManifest.xml:7:5-8:38
15        android:name="android.permission.WRITE_EXTERNAL_STORAGE"
15-->src/main/AndroidManifest.xml:7:22-78
16        android:maxSdkVersion="28" />
16-->src/main/AndroidManifest.xml:8:9-35
17    <uses-permission
17-->src/main/AndroidManifest.xml:9:5-10:38
18        android:name="android.permission.READ_EXTERNAL_STORAGE"
18-->src/main/AndroidManifest.xml:9:22-77
19        android:maxSdkVersion="32" />
19-->src/main/AndroidManifest.xml:10:9-35
20
21    <permission
21-->[androidx.core:core:1.15.0] AndroidManifest.xml:22:5-24:47
22        android:name="com.enjoy.app.DYNAMIC_RECEIVER_NOT_EXPORTED_PERMISSION"
22-->[androidx.core:core:1.15.0] AndroidManifest.xml:23:9-81
23        android:protectionLevel="signature" />
23-->[androidx.core:core:1.15.0] AndroidManifest.xml:24:9-44
24
25    <uses-permission android:name="com.enjoy.app.DYNAMIC_RECEIVER_NOT_EXPORTED_PERMISSION" />
25-->[androidx.core:core:1.15.0] AndroidManifest.xml:26:5-97
25-->[androidx.core:core:1.15.0] AndroidManifest.xml:26:22-94
26
27    <supports-screens
27-->[org.osmdroid:osmdroid-android:6.1.18] AndroidManifest.xml:9:5-12:40
28        android:anyDensity="true"
28-->[org.osmdroid:osmdroid-android:6.1.18] AndroidManifest.xml:10:9-34
29        android:largeScreens="true"
29-->[org.osmdroid:osmdroid-android:6.1.18] AndroidManifest.xml:11:9-36
30        android:normalScreens="true" />
30-->[org.osmdroid:osmdroid-android:6.1.18] AndroidManifest.xml:12:9-37
31
32    <uses-feature
32-->[org.osmdroid:osmdroid-android:6.1.18] AndroidManifest.xml:14:5-16:36
33        android:name="android.hardware.location.network"
33-->[org.osmdroid:osmdroid-android:6.1.18] AndroidManifest.xml:15:9-57
34        android:required="false" />
34-->[org.osmdroid:osmdroid-android:6.1.18] AndroidManifest.xml:16:9-33
35    <uses-feature
35-->[org.osmdroid:osmdroid-android:6.1.18] AndroidManifest.xml:17:5-19:36
36        android:name="android.hardware.location.gps"
36-->[org.osmdroid:osmdroid-android:6.1.18] AndroidManifest.xml:18:9-53
37        android:required="false" />
37-->[org.osmdroid:osmdroid-android:6.1.18] AndroidManifest.xml:19:9-33
38    <uses-feature
38-->[org.osmdroid:osmdroid-android:6.1.18] AndroidManifest.xml:20:5-22:36
39        android:name="android.hardware.telephony"
39-->[org.osmdroid:osmdroid-android:6.1.18] AndroidManifest.xml:21:9-50
40        android:required="false" />
40-->[org.osmdroid:osmdroid-android:6.1.18] AndroidManifest.xml:22:9-33
41    <uses-feature
41-->[org.osmdroid:osmdroid-android:6.1.18] AndroidManifest.xml:23:5-25:36
42        android:name="android.hardware.wifi"
42-->[org.osmdroid:osmdroid-android:6.1.18] AndroidManifest.xml:24:9-45
43        android:required="false" />
43-->[org.osmdroid:osmdroid-android:6.1.18] AndroidManifest.xml:25:9-33
44
45    <application
45-->src/main/AndroidManifest.xml:12:5-30:19
46        android:allowBackup="true"
46-->src/main/AndroidManifest.xml:13:9-35
47        android:appComponentFactory="androidx.core.app.CoreComponentFactory"
47-->[androidx.core:core:1.15.0] AndroidManifest.xml:28:18-86
48        android:debuggable="true"
49        android:extractNativeLibs="false"
50        android:icon="@mipmap/ic_launcher"
50-->src/main/AndroidManifest.xml:14:9-43
51        android:label="Enjoy"
51-->src/main/AndroidManifest.xml:15:9-30
52        android:supportsRtl="true"
52-->src/main/AndroidManifest.xml:16:9-35
53        android:theme="@style/Theme.Enjoy"
53-->src/main/AndroidManifest.xml:17:9-43
54        android:usesCleartextTraffic="true" >
54-->src/main/AndroidManifest.xml:18:9-44
55        <activity
55-->src/main/AndroidManifest.xml:20:9-29:20
56            android:name="com.enjoy.app.MainActivity"
56-->src/main/AndroidManifest.xml:21:13-41
57            android:exported="true"
57-->src/main/AndroidManifest.xml:22:13-36
58            android:theme="@style/Theme.Enjoy"
58-->src/main/AndroidManifest.xml:24:13-47
59            android:windowSoftInputMode="adjustResize" >
59-->src/main/AndroidManifest.xml:23:13-55
60            <intent-filter>
60-->src/main/AndroidManifest.xml:25:13-28:29
61                <action android:name="android.intent.action.MAIN" />
61-->src/main/AndroidManifest.xml:26:17-69
61-->src/main/AndroidManifest.xml:26:25-66
62
63                <category android:name="android.intent.category.LAUNCHER" />
63-->src/main/AndroidManifest.xml:27:17-77
63-->src/main/AndroidManifest.xml:27:27-74
64            </intent-filter>
65        </activity>
66        <activity
66-->[com.google.android.gms:play-services-base:18.5.0] AndroidManifest.xml:5:9-173
67            android:name="com.google.android.gms.common.api.GoogleApiActivity"
67-->[com.google.android.gms:play-services-base:18.5.0] AndroidManifest.xml:5:19-85
68            android:exported="false"
68-->[com.google.android.gms:play-services-base:18.5.0] AndroidManifest.xml:5:146-170
69            android:theme="@android:style/Theme.Translucent.NoTitleBar" />
69-->[com.google.android.gms:play-services-base:18.5.0] AndroidManifest.xml:5:86-145
70
71        <meta-data
71-->[com.google.android.gms:play-services-basement:18.4.0] AndroidManifest.xml:6:9-122
72            android:name="com.google.android.gms.version"
72-->[com.google.android.gms:play-services-basement:18.4.0] AndroidManifest.xml:6:20-65
73            android:value="@integer/google_play_services_version" />
73-->[com.google.android.gms:play-services-basement:18.4.0] AndroidManifest.xml:6:66-119
74
75        <provider
75-->[androidx.emoji2:emoji2:1.3.0] AndroidManifest.xml:24:9-32:20
76            android:name="androidx.startup.InitializationProvider"
76-->[androidx.emoji2:emoji2:1.3.0] AndroidManifest.xml:25:13-67
77            android:authorities="com.enjoy.app.androidx-startup"
77-->[androidx.emoji2:emoji2:1.3.0] AndroidManifest.xml:26:13-68
78            android:exported="false" >
78-->[androidx.emoji2:emoji2:1.3.0] AndroidManifest.xml:27:13-37
79            <meta-data
79-->[androidx.emoji2:emoji2:1.3.0] AndroidManifest.xml:29:13-31:52
80                android:name="androidx.emoji2.text.EmojiCompatInitializer"
80-->[androidx.emoji2:emoji2:1.3.0] AndroidManifest.xml:30:17-75
81                android:value="androidx.startup" />
81-->[androidx.emoji2:emoji2:1.3.0] AndroidManifest.xml:31:17-49
82            <meta-data
82-->[androidx.lifecycle:lifecycle-process:2.8.7] AndroidManifest.xml:29:13-31:52
83                android:name="androidx.lifecycle.ProcessLifecycleInitializer"
83-->[androidx.lifecycle:lifecycle-process:2.8.7] AndroidManifest.xml:30:17-78
84                android:value="androidx.startup" />
84-->[androidx.lifecycle:lifecycle-process:2.8.7] AndroidManifest.xml:31:17-49
85            <meta-data
85-->[androidx.profileinstaller:profileinstaller:1.3.1] AndroidManifest.xml:29:13-31:52
86                android:name="androidx.profileinstaller.ProfileInstallerInitializer"
86-->[androidx.profileinstaller:profileinstaller:1.3.1] AndroidManifest.xml:30:17-85
87                android:value="androidx.startup" />
87-->[androidx.profileinstaller:profileinstaller:1.3.1] AndroidManifest.xml:31:17-49
88        </provider>
89
90        <service
90-->[androidx.room:room-runtime:2.6.1] AndroidManifest.xml:24:9-28:63
91            android:name="androidx.room.MultiInstanceInvalidationService"
91-->[androidx.room:room-runtime:2.6.1] AndroidManifest.xml:25:13-74
92            android:directBootAware="true"
92-->[androidx.room:room-runtime:2.6.1] AndroidManifest.xml:26:13-43
93            android:exported="false" />
93-->[androidx.room:room-runtime:2.6.1] AndroidManifest.xml:27:13-37
94
95        <receiver
95-->[androidx.profileinstaller:profileinstaller:1.3.1] AndroidManifest.xml:34:9-52:20
96            android:name="androidx.profileinstaller.ProfileInstallReceiver"
96-->[androidx.profileinstaller:profileinstaller:1.3.1] AndroidManifest.xml:35:13-76
97            android:directBootAware="false"
97-->[androidx.profileinstaller:profileinstaller:1.3.1] AndroidManifest.xml:36:13-44
98            android:enabled="true"
98-->[androidx.profileinstaller:profileinstaller:1.3.1] AndroidManifest.xml:37:13-35
99            android:exported="true"
99-->[androidx.profileinstaller:profileinstaller:1.3.1] AndroidManifest.xml:38:13-36
100            android:permission="android.permission.DUMP" >
100-->[androidx.profileinstaller:profileinstaller:1.3.1] AndroidManifest.xml:39:13-57
101            <intent-filter>
101-->[androidx.profileinstaller:profileinstaller:1.3.1] AndroidManifest.xml:40:13-42:29
102                <action android:name="androidx.profileinstaller.action.INSTALL_PROFILE" />
102-->[androidx.profileinstaller:profileinstaller:1.3.1] AndroidManifest.xml:41:17-91
102-->[androidx.profileinstaller:profileinstaller:1.3.1] AndroidManifest.xml:41:25-88
103            </intent-filter>
104            <intent-filter>
104-->[androidx.profileinstaller:profileinstaller:1.3.1] AndroidManifest.xml:43:13-45:29
105                <action android:name="androidx.profileinstaller.action.SKIP_FILE" />
105-->[androidx.profileinstaller:profileinstaller:1.3.1] AndroidManifest.xml:44:17-85
105-->[androidx.profileinstaller:profileinstaller:1.3.1] AndroidManifest.xml:44:25-82
106            </intent-filter>
107            <intent-filter>
107-->[androidx.profileinstaller:profileinstaller:1.3.1] AndroidManifest.xml:46:13-48:29
108                <action android:name="androidx.profileinstaller.action.SAVE_PROFILE" />
108-->[androidx.profileinstaller:profileinstaller:1.3.1] AndroidManifest.xml:47:17-88
108-->[androidx.profileinstaller:profileinstaller:1.3.1] AndroidManifest.xml:47:25-85
109            </intent-filter>
110            <intent-filter>
110-->[androidx.profileinstaller:profileinstaller:1.3.1] AndroidManifest.xml:49:13-51:29
111                <action android:name="androidx.profileinstaller.action.BENCHMARK_OPERATION" />
111-->[androidx.profileinstaller:profileinstaller:1.3.1] AndroidManifest.xml:50:17-95
111-->[androidx.profileinstaller:profileinstaller:1.3.1] AndroidManifest.xml:50:25-92
112            </intent-filter>
113        </receiver>
114    </application>
115
116</manifest>